{"/Users/bluemoon/dev/fh-hooks/src/useInlineStyle/InlineStyleTest.tsx": {"path":"/Users/bluemoon/dev/fh-hooks/src/useInlineStyle/InlineStyleTest.tsx","statementMap":{"0":{"start":{"line":1,"column":0},"end":{"line":1,"column":31}},"1":{"start":{"line":2,"column":0},"end":{"line":2,"column":46}},"2":{"start":{"line":4,"column":18},"end":{"line":12,"column":1}},"3":{"start":{"line":5,"column":2},"end":{"line":11,"column":4}},"4":{"start":{"line":17,"column":10},"end":{"line":17,"column":null}},"5":{"start":{"line":19,"column":23},"end":{"line":19,"column":78}},"6":{"start":{"line":19,"column":12},"end":{"line":19,"column":14}},"7":{"start":{"line":19,"column":19},"end":{"line":19,"column":23}},"8":{"start":{"line":20,"column":2},"end":{"line":24,"column":4}},"9":{"start":{"line":16,"column":0},"end":{"line":16,"column":24}}},"fnMap":{"0":{"name":"(anonymous_7)","decl":{"start":{"line":4,"column":18},"end":{"line":4,"column":19}},"loc":{"start":{"line":4,"column":31},"end":{"line":12,"column":1}}},"1":{"name":"TestInlineStyle","decl":{"start":{"line":16,"column":24},"end":{"line":16,"column":39}},"loc":{"start":{"line":18,"column":8},"end":{"line":25,"column":1}}}},"branchMap":{"0":{"loc":{"start":{"line":6,"column":25},"end":{"line":6,"column":30}},"type":"cond-expr","locations":[{"start":{"line":6,"column":25},"end":{"line":6,"column":30}},{"start":{"line":6,"column":33},"end":{"line":6,"column":40}}]},"1":{"loc":{"start":{"line":7,"column":31},"end":{"line":7,"column":36}},"type":"cond-expr","locations":[{"start":{"line":7,"column":31},"end":{"line":7,"column":36}},{"start":{"line":7,"column":39},"end":{"line":7,"column":46}}]},"2":{"loc":{"start":{"line":8,"column":36},"end":{"line":8,"column":41}},"type":"cond-expr","locations":[{"start":{"line":8,"column":36},"end":{"line":8,"column":41}},{"start":{"line":8,"column":44},"end":{"line":8,"column":51}}]},"3":{"loc":{"start":{"line":10,"column":28},"end":{"line":10,"column":33}},"type":"cond-expr","locations":[{"start":{"line":10,"column":28},"end":{"line":10,"column":33}},{"start":{"line":10,"column":36},"end":{"line":10,"column":43}}]}},"s":{"0":1,"1":1,"2":1,"3":8,"4":8,"5":8,"6":8,"7":8,"8":8,"9":1},"f":{"0":8,"1":8},"b":{"0":[1,7],"1":[1,7],"2":[1,7],"3":[1,7]}}
,"/Users/bluemoon/dev/fh-hooks/src/useInlineStyle/useInlineStyle.ts": {"path":"/Users/bluemoon/dev/fh-hooks/src/useInlineStyle/useInlineStyle.ts","statementMap":{"0":{"start":{"line":1,"column":0},"end":{"line":1,"column":null}},"1":{"start":{"line":12,"column":33},"end":{"line":16,"column":2}},"2":{"start":{"line":19,"column":2},"end":{"line":28,"column":null}},"3":{"start":{"line":21,"column":6},"end":{"line":21,"column":58}},"4":{"start":{"line":23,"column":6},"end":{"line":23,"column":58}},"5":{"start":{"line":25,"column":6},"end":{"line":25,"column":59}},"6":{"start":{"line":27,"column":6},"end":{"line":27,"column":19}},"7":{"start":{"line":35,"column":14},"end":{"line":35,"column":29}},"8":{"start":{"line":36,"column":33},"end":{"line":36,"column":71}},"9":{"start":{"line":36,"column":19},"end":{"line":36,"column":21}},"10":{"start":{"line":36,"column":29},"end":{"line":36,"column":33}},"11":{"start":{"line":37,"column":19},"end":{"line":39,"column":null}},"12":{"start":{"line":38,"column":38},"end":{"line":38,"column":null}},"13":{"start":{"line":42,"column":16},"end":{"line":46,"column":4}},"14":{"start":{"line":42,"column":30},"end":{"line":42,"column":58}},"15":{"start":{"line":48,"column":28},"end":{"line":73,"column":21}},"16":{"start":{"line":49,"column":4},"end":{"line":72,"column":null}},"17":{"start":{"line":50,"column":26},"end":{"line":50,"column":40}},"18":{"start":{"line":50,"column":32},"end":{"line":50,"column":56}},"19":{"start":{"line":51,"column":25},"end":{"line":51,"column":39}},"20":{"start":{"line":51,"column":31},"end":{"line":51,"column":56}},"21":{"start":{"line":52,"column":20},"end":{"line":52,"column":34}},"22":{"start":{"line":52,"column":26},"end":{"line":52,"column":50}},"23":{"start":{"line":53,"column":19},"end":{"line":53,"column":33}},"24":{"start":{"line":53,"column":25},"end":{"line":53,"column":50}},"25":{"start":{"line":54,"column":26},"end":{"line":54,"column":40}},"26":{"start":{"line":54,"column":32},"end":{"line":54,"column":57}},"27":{"start":{"line":55,"column":24},"end":{"line":55,"column":38}},"28":{"start":{"line":55,"column":30},"end":{"line":55,"column":56}},"29":{"start":{"line":57,"column":6},"end":{"line":57,"column":63}},"30":{"start":{"line":58,"column":6},"end":{"line":58,"column":61}},"31":{"start":{"line":59,"column":6},"end":{"line":59,"column":51}},"32":{"start":{"line":60,"column":6},"end":{"line":60,"column":49}},"33":{"start":{"line":61,"column":6},"end":{"line":61,"column":63}},"34":{"start":{"line":62,"column":6},"end":{"line":62,"column":59}},"35":{"start":{"line":64,"column":6},"end":{"line":71,"column":8}},"36":{"start":{"line":65,"column":8},"end":{"line":65,"column":68}},"37":{"start":{"line":66,"column":8},"end":{"line":66,"column":66}},"38":{"start":{"line":67,"column":8},"end":{"line":67,"column":56}},"39":{"start":{"line":68,"column":8},"end":{"line":68,"column":54}},"40":{"start":{"line":69,"column":8},"end":{"line":69,"column":68}},"41":{"start":{"line":70,"column":8},"end":{"line":70,"column":64}},"42":{"start":{"line":75,"column":2},"end":{"line":75,"column":35}},"43":{"start":{"line":77,"column":2},"end":{"line":77,"column":22}},"44":{"start":{"line":31,"column":0},"end":{"line":31,"column":24}}},"fnMap":{"0":{"name":"styleReducer","decl":{"start":{"line":18,"column":9},"end":{"line":18,"column":21}},"loc":{"start":{"line":18,"column":55},"end":{"line":29,"column":1}}},"1":{"name":"useInlineStyle","decl":{"start":{"line":31,"column":24},"end":{"line":31,"column":38}},"loc":{"start":{"line":33,"column":33},"end":{"line":78,"column":1}}},"2":{"name":"(anonymous_4)","decl":{"start":{"line":38,"column":4},"end":{"line":38,"column":5}},"loc":{"start":{"line":38,"column":33},"end":{"line":38,"column":46}}},"3":{"name":"(anonymous_5)","decl":{"start":{"line":42,"column":24},"end":{"line":42,"column":30}},"loc":{"start":{"line":42,"column":24},"end":{"line":42,"column":37}}},"4":{"name":"(anonymous_6)","decl":{"start":{"line":48,"column":40},"end":{"line":48,"column":null}},"loc":{"start":{"line":48,"column":40},"end":{"line":73,"column":3}}},"5":{"name":"(anonymous_7)","decl":{"start":{"line":50,"column":26},"end":{"line":50,"column":32}},"loc":{"start":{"line":50,"column":26},"end":{"line":50,"column":40}}},"6":{"name":"(anonymous_8)","decl":{"start":{"line":51,"column":25},"end":{"line":51,"column":31}},"loc":{"start":{"line":51,"column":25},"end":{"line":51,"column":39}}},"7":{"name":"(anonymous_9)","decl":{"start":{"line":52,"column":20},"end":{"line":52,"column":26}},"loc":{"start":{"line":52,"column":20},"end":{"line":52,"column":34}}},"8":{"name":"(anonymous_10)","decl":{"start":{"line":53,"column":19},"end":{"line":53,"column":25}},"loc":{"start":{"line":53,"column":19},"end":{"line":53,"column":33}}},"9":{"name":"(anonymous_11)","decl":{"start":{"line":54,"column":26},"end":{"line":54,"column":32}},"loc":{"start":{"line":54,"column":26},"end":{"line":54,"column":40}}},"10":{"name":"(anonymous_12)","decl":{"start":{"line":55,"column":24},"end":{"line":55,"column":30}},"loc":{"start":{"line":55,"column":24},"end":{"line":55,"column":38}}},"11":{"name":"(anonymous_13)","decl":{"start":{"line":64,"column":13},"end":{"line":64,"column":null}},"loc":{"start":{"line":64,"column":13},"end":{"line":71,"column":7}}}},"branchMap":{"0":{"loc":{"start":{"line":20,"column":4},"end":{"line":21,"column":58}},"type":"switch","locations":[{"start":{"line":20,"column":4},"end":{"line":21,"column":58}},{"start":{"line":22,"column":4},"end":{"line":23,"column":58}},{"start":{"line":24,"column":4},"end":{"line":25,"column":59}},{"start":{"line":26,"column":4},"end":{"line":27,"column":19}}]},"1":{"loc":{"start":{"line":49,"column":4},"end":{"line":72,"column":null}},"type":"if","locations":[{"start":{"line":49,"column":4},"end":{"line":72,"column":null}},{"start":{"line":49,"column":4},"end":{"line":72,"column":null}}]}},"s":{"0":1,"1":1,"2":3,"3":1,"4":1,"5":1,"6":0,"7":9,"8":9,"9":9,"10":9,"11":9,"12":3,"13":9,"14":9,"15":9,"16":5,"17":4,"18":1,"19":4,"20":0,"21":4,"22":1,"23":4,"24":0,"25":4,"26":1,"27":4,"28":0,"29":4,"30":4,"31":4,"32":4,"33":4,"34":4,"35":4,"36":4,"37":4,"38":4,"39":4,"40":4,"41":4,"42":9,"43":9,"44":1},"f":{"0":3,"1":9,"2":3,"3":9,"4":5,"5":1,"6":0,"7":1,"8":0,"9":1,"10":0,"11":4},"b":{"0":[1,1,1,0],"1":[4,1]}}
,"/Users/bluemoon/dev/fh-hooks/src/useSmartReducer/useSmartReducer.ts": {"path":"/Users/bluemoon/dev/fh-hooks/src/useSmartReducer/useSmartReducer.ts","statementMap":{"0":{"start":{"line":1,"column":0},"end":{"line":1,"column":53}},"1":{"start":{"line":5,"column":2},"end":{"line":7,"column":null}},"2":{"start":{"line":6,"column":4},"end":{"line":6,"column":39}},"3":{"start":{"line":8,"column":2},"end":{"line":10,"column":4}},"4":{"start":{"line":11,"column":2},"end":{"line":11,"column":16}},"5":{"start":{"line":15,"column":2},"end":{"line":15,"column":79}},"6":{"start":{"line":19,"column":2},"end":{"line":19,"column":74}},"7":{"start":{"line":23,"column":2},"end":{"line":23,"column":56}},"8":{"start":{"line":27,"column":2},"end":{"line":36,"column":4}},"9":{"start":{"line":28,"column":4},"end":{"line":30,"column":null}},"10":{"start":{"line":29,"column":6},"end":{"line":29,"column":40}},"11":{"start":{"line":31,"column":21},"end":{"line":31,"column":49}},"12":{"start":{"line":32,"column":4},"end":{"line":34,"column":null}},"13":{"start":{"line":33,"column":6},"end":{"line":33,"column":40}},"14":{"start":{"line":35,"column":4},"end":{"line":35,"column":20}},"15":{"start":{"line":68,"column":18},"end":{"line":68,"column":44}},"16":{"start":{"line":69,"column":28},"end":{"line":71,"column":null}},"17":{"start":{"line":69,"column":14},"end":{"line":69,"column":16}},"18":{"start":{"line":69,"column":24},"end":{"line":69,"column":28}},"19":{"start":{"line":74,"column":19},"end":{"line":87,"column":null}},"20":{"start":{"line":75,"column":10},"end":{"line":86,"column":null}},"21":{"start":{"line":76,"column":6},"end":{"line":79,"column":null}},"22":{"start":{"line":77,"column":8},"end":{"line":77,"column":34}},"23":{"start":{"line":78,"column":8},"end":{"line":78,"column":15}},"24":{"start":{"line":81,"column":6},"end":{"line":83,"column":8}},"25":{"start":{"line":85,"column":6},"end":{"line":85,"column":13}},"26":{"start":{"line":90,"column":2},"end":{"line":90,"column":27}},"27":{"start":{"line":93,"column":0},"end":{"line":93,"column":31}}},"fnMap":{"0":{"name":"updateObject","decl":{"start":{"line":4,"column":9},"end":{"line":4,"column":21}},"loc":{"start":{"line":4,"column":63},"end":{"line":12,"column":1}}},"1":{"name":"has","decl":{"start":{"line":14,"column":9},"end":{"line":14,"column":12}},"loc":{"start":{"line":14,"column":38},"end":{"line":16,"column":1}}},"2":{"name":"isObject","decl":{"start":{"line":18,"column":9},"end":{"line":18,"column":17}},"loc":{"start":{"line":18,"column":30},"end":{"line":20,"column":1}}},"3":{"name":"baseReducer","decl":{"start":{"line":22,"column":9},"end":{"line":22,"column":20}},"loc":{"start":{"line":22,"column":48},"end":{"line":24,"column":1}}},"4":{"name":"makeReducer","decl":{"start":{"line":26,"column":9},"end":{"line":26,"column":20}},"loc":{"start":{"line":26,"column":58},"end":{"line":37,"column":1}}},"5":{"name":"reducerFn","decl":{"start":{"line":27,"column":18},"end":{"line":27,"column":27}},"loc":{"start":{"line":27,"column":52},"end":{"line":36,"column":3}}},"6":{"name":"useSmartReducer","decl":{"start":{"line":64,"column":9},"end":{"line":64,"column":24}},"loc":{"start":{"line":66,"column":36},"end":{"line":91,"column":1}}},"7":{"name":"(anonymous_9)","decl":{"start":{"line":75,"column":4},"end":{"line":75,"column":10}},"loc":{"start":{"line":75,"column":4},"end":{"line":75,"column":11}}},"8":{"name":"(anonymous_10)","decl":{"start":{"line":75,"column":10},"end":{"line":75,"column":11}},"loc":{"start":{"line":75,"column":40},"end":{"line":86,"column":5}}}},"branchMap":{"0":{"loc":{"start":{"line":5,"column":2},"end":{"line":7,"column":null}},"type":"if","locations":[{"start":{"line":5,"column":2},"end":{"line":7,"column":null}},{"start":{"line":5,"column":2},"end":{"line":7,"column":null}}]},"1":{"loc":{"start":{"line":15,"column":9},"end":{"line":15,"column":25}},"type":"binary-expr","locations":[{"start":{"line":15,"column":9},"end":{"line":15,"column":25}},{"start":{"line":15,"column":29},"end":{"line":15,"column":78}}]},"2":{"loc":{"start":{"line":19,"column":9},"end":{"line":19,"column":35}},"type":"binary-expr","locations":[{"start":{"line":19,"column":9},"end":{"line":19,"column":35}},{"start":{"line":19,"column":39},"end":{"line":19,"column":61}},{"start":{"line":19,"column":65},"end":{"line":19,"column":73}}]},"3":{"loc":{"start":{"line":28,"column":4},"end":{"line":30,"column":null}},"type":"if","locations":[{"start":{"line":28,"column":4},"end":{"line":30,"column":null}},{"start":{"line":28,"column":4},"end":{"line":30,"column":null}}]},"4":{"loc":{"start":{"line":32,"column":4},"end":{"line":34,"column":null}},"type":"if","locations":[{"start":{"line":32,"column":4},"end":{"line":34,"column":null}},{"start":{"line":32,"column":4},"end":{"line":34,"column":null}}]},"5":{"loc":{"start":{"line":76,"column":6},"end":{"line":79,"column":null}},"type":"if","locations":[{"start":{"line":76,"column":6},"end":{"line":79,"column":null}},{"start":{"line":76,"column":6},"end":{"line":79,"column":null}}]},"6":{"loc":{"start":{"line":76,"column":10},"end":{"line":76,"column":23}},"type":"binary-expr","locations":[{"start":{"line":76,"column":10},"end":{"line":76,"column":23}},{"start":{"line":76,"column":27},"end":{"line":76,"column":55}}]}},"s":{"0":1,"1":12,"2":10,"3":2,"4":2,"5":12,"6":12,"7":12,"8":18,"9":15,"10":10,"11":5,"12":5,"13":2,"14":3,"15":18,"16":18,"17":18,"18":18,"19":18,"20":14,"21":11,"22":9,"23":9,"24":2,"25":2,"26":18,"27":1},"f":{"0":12,"1":12,"2":12,"3":12,"4":18,"5":15,"6":18,"7":14,"8":11},"b":{"0":[10,2],"1":[12,11],"2":[12,12,11],"3":[10,5],"4":[2,3],"5":[9,2],"6":[11,8]}}
}
