{"/Users/bluemoon/dev/fh-hooks/src/useInlineStyle/InlineStyleTest.tsx": {"path":"/Users/bluemoon/dev/fh-hooks/src/useInlineStyle/InlineStyleTest.tsx","statementMap":{"0":{"start":{"line":1,"column":0},"end":{"line":1,"column":31}},"1":{"start":{"line":3,"column":0},"end":{"line":3,"column":46}},"2":{"start":{"line":9,"column":40},"end":{"line":17,"column":1}},"3":{"start":{"line":10,"column":2},"end":{"line":16,"column":4}},"4":{"start":{"line":20,"column":23},"end":{"line":22,"column":null}},"5":{"start":{"line":20,"column":12},"end":{"line":20,"column":14}},"6":{"start":{"line":20,"column":19},"end":{"line":20,"column":23}},"7":{"start":{"line":24,"column":2},"end":{"line":28,"column":4}},"8":{"start":{"line":19,"column":0},"end":{"line":19,"column":24}}},"fnMap":{"0":{"name":"(anonymous_7)","decl":{"start":{"line":9,"column":40},"end":{"line":9,"column":41}},"loc":{"start":{"line":9,"column":53},"end":{"line":17,"column":1}}},"1":{"name":"TestInlineStyle","decl":{"start":{"line":19,"column":24},"end":{"line":19,"column":39}},"loc":{"start":{"line":19,"column":56},"end":{"line":29,"column":1}}}},"branchMap":{"0":{"loc":{"start":{"line":11,"column":25},"end":{"line":11,"column":30}},"type":"cond-expr","locations":[{"start":{"line":11,"column":25},"end":{"line":11,"column":30}},{"start":{"line":11,"column":33},"end":{"line":11,"column":40}}]},"1":{"loc":{"start":{"line":12,"column":31},"end":{"line":12,"column":36}},"type":"cond-expr","locations":[{"start":{"line":12,"column":31},"end":{"line":12,"column":36}},{"start":{"line":12,"column":39},"end":{"line":12,"column":46}}]},"2":{"loc":{"start":{"line":13,"column":36},"end":{"line":13,"column":41}},"type":"cond-expr","locations":[{"start":{"line":13,"column":36},"end":{"line":13,"column":41}},{"start":{"line":13,"column":44},"end":{"line":13,"column":51}}]},"3":{"loc":{"start":{"line":15,"column":28},"end":{"line":15,"column":33}},"type":"cond-expr","locations":[{"start":{"line":15,"column":28},"end":{"line":15,"column":33}},{"start":{"line":15,"column":36},"end":{"line":15,"column":43}}]}},"s":{"0":1,"1":1,"2":1,"3":8,"4":8,"5":8,"6":8,"7":8,"8":1},"f":{"0":8,"1":8},"b":{"0":[1,7],"1":[1,7],"2":[1,7],"3":[1,7]}}
,"/Users/bluemoon/dev/fh-hooks/src/useInlineStyle/useInlineStyle.ts": {"path":"/Users/bluemoon/dev/fh-hooks/src/useInlineStyle/useInlineStyle.ts","statementMap":{"0":{"start":{"line":1,"column":0},"end":{"line":1,"column":77}},"1":{"start":{"line":4,"column":0},"end":{"line":4,"column":53}},"2":{"start":{"line":6,"column":33},"end":{"line":10,"column":2}},"3":{"start":{"line":12,"column":26},"end":{"line":37,"column":1}},"4":{"start":{"line":13,"column":2},"end":{"line":36,"column":null}},"5":{"start":{"line":14,"column":24},"end":{"line":14,"column":38}},"6":{"start":{"line":14,"column":30},"end":{"line":14,"column":54}},"7":{"start":{"line":15,"column":23},"end":{"line":15,"column":37}},"8":{"start":{"line":15,"column":29},"end":{"line":15,"column":54}},"9":{"start":{"line":16,"column":18},"end":{"line":16,"column":32}},"10":{"start":{"line":16,"column":24},"end":{"line":16,"column":48}},"11":{"start":{"line":17,"column":17},"end":{"line":17,"column":31}},"12":{"start":{"line":17,"column":23},"end":{"line":17,"column":48}},"13":{"start":{"line":18,"column":24},"end":{"line":18,"column":38}},"14":{"start":{"line":18,"column":30},"end":{"line":18,"column":55}},"15":{"start":{"line":19,"column":22},"end":{"line":19,"column":36}},"16":{"start":{"line":19,"column":28},"end":{"line":19,"column":54}},"17":{"start":{"line":21,"column":4},"end":{"line":21,"column":52}},"18":{"start":{"line":22,"column":4},"end":{"line":22,"column":50}},"19":{"start":{"line":23,"column":4},"end":{"line":23,"column":40}},"20":{"start":{"line":24,"column":4},"end":{"line":24,"column":38}},"21":{"start":{"line":25,"column":4},"end":{"line":25,"column":52}},"22":{"start":{"line":26,"column":4},"end":{"line":26,"column":48}},"23":{"start":{"line":28,"column":4},"end":{"line":35,"column":6}},"24":{"start":{"line":29,"column":6},"end":{"line":29,"column":57}},"25":{"start":{"line":30,"column":6},"end":{"line":30,"column":55}},"26":{"start":{"line":31,"column":6},"end":{"line":31,"column":45}},"27":{"start":{"line":32,"column":6},"end":{"line":32,"column":43}},"28":{"start":{"line":33,"column":6},"end":{"line":33,"column":57}},"29":{"start":{"line":34,"column":6},"end":{"line":34,"column":53}},"30":{"start":{"line":43,"column":14},"end":{"line":43,"column":29}},"31":{"start":{"line":44,"column":33},"end":{"line":44,"column":62}},"32":{"start":{"line":44,"column":19},"end":{"line":44,"column":21}},"33":{"start":{"line":44,"column":29},"end":{"line":44,"column":33}},"34":{"start":{"line":46,"column":16},"end":{"line":50,"column":4}},"35":{"start":{"line":46,"column":30},"end":{"line":46,"column":58}},"36":{"start":{"line":52,"column":2},"end":{"line":52,"column":64}},"37":{"start":{"line":52,"column":18},"end":{"line":52,"column":60}},"38":{"start":{"line":54,"column":2},"end":{"line":54,"column":22}},"39":{"start":{"line":39,"column":0},"end":{"line":39,"column":24}}},"fnMap":{"0":{"name":"(anonymous_0)","decl":{"start":{"line":12,"column":26},"end":{"line":12,"column":27}},"loc":{"start":{"line":12,"column":39},"end":{"line":37,"column":1}}},"1":{"name":"(anonymous_1)","decl":{"start":{"line":14,"column":24},"end":{"line":14,"column":30}},"loc":{"start":{"line":14,"column":24},"end":{"line":14,"column":38}}},"2":{"name":"(anonymous_2)","decl":{"start":{"line":15,"column":23},"end":{"line":15,"column":29}},"loc":{"start":{"line":15,"column":23},"end":{"line":15,"column":37}}},"3":{"name":"(anonymous_3)","decl":{"start":{"line":16,"column":18},"end":{"line":16,"column":24}},"loc":{"start":{"line":16,"column":18},"end":{"line":16,"column":32}}},"4":{"name":"(anonymous_4)","decl":{"start":{"line":17,"column":17},"end":{"line":17,"column":23}},"loc":{"start":{"line":17,"column":17},"end":{"line":17,"column":31}}},"5":{"name":"(anonymous_5)","decl":{"start":{"line":18,"column":24},"end":{"line":18,"column":30}},"loc":{"start":{"line":18,"column":24},"end":{"line":18,"column":38}}},"6":{"name":"(anonymous_6)","decl":{"start":{"line":19,"column":22},"end":{"line":19,"column":28}},"loc":{"start":{"line":19,"column":22},"end":{"line":19,"column":36}}},"7":{"name":"(anonymous_7)","decl":{"start":{"line":28,"column":11},"end":{"line":28,"column":null}},"loc":{"start":{"line":28,"column":11},"end":{"line":35,"column":5}}},"8":{"name":"useInlineStyle","decl":{"start":{"line":39,"column":24},"end":{"line":39,"column":38}},"loc":{"start":{"line":41,"column":11},"end":{"line":55,"column":1}}},"9":{"name":"(anonymous_9)","decl":{"start":{"line":46,"column":24},"end":{"line":46,"column":30}},"loc":{"start":{"line":46,"column":24},"end":{"line":46,"column":37}}},"10":{"name":"(anonymous_10)","decl":{"start":{"line":52,"column":12},"end":{"line":52,"column":18}},"loc":{"start":{"line":52,"column":12},"end":{"line":52,"column":35}}}},"branchMap":{"0":{"loc":{"start":{"line":13,"column":2},"end":{"line":36,"column":null}},"type":"if","locations":[{"start":{"line":13,"column":2},"end":{"line":36,"column":null}},{"start":{"line":13,"column":2},"end":{"line":36,"column":null}}]}},"s":{"0":1,"1":1,"2":1,"3":1,"4":5,"5":4,"6":1,"7":4,"8":0,"9":4,"10":1,"11":4,"12":0,"13":4,"14":1,"15":4,"16":0,"17":4,"18":4,"19":4,"20":4,"21":4,"22":4,"23":4,"24":4,"25":4,"26":4,"27":4,"28":4,"29":4,"30":9,"31":9,"32":9,"33":9,"34":9,"35":9,"36":9,"37":5,"38":9,"39":1},"f":{"0":5,"1":1,"2":0,"3":1,"4":0,"5":1,"6":0,"7":4,"8":9,"9":9,"10":5},"b":{"0":[4,1]}}
,"/Users/bluemoon/dev/fh-hooks/src/useScroll/useScroll.ts": {"path":"/Users/bluemoon/dev/fh-hooks/src/useScroll/useScroll.ts","statementMap":{"0":{"start":{"line":1,"column":0},"end":{"line":1,"column":66}},"1":{"start":{"line":3,"column":0},"end":{"line":3,"column":53}},"2":{"start":{"line":5,"column":13},"end":{"line":17,"column":2}},"3":{"start":{"line":19,"column":19},"end":{"line":19,"column":31}},"4":{"start":{"line":22,"column":2},"end":{"line":31,"column":null}},"5":{"start":{"line":24,"column":6},"end":{"line":26,"column":null}},"6":{"start":{"line":30,"column":6},"end":{"line":30,"column":18}},"7":{"start":{"line":48,"column":21},"end":{"line":48,"column":37}},"8":{"start":{"line":50,"column":9},"end":{"line":51,"column":null}},"9":{"start":{"line":52,"column":35},"end":{"line":52,"column":47}},"10":{"start":{"line":53,"column":34},"end":{"line":55,"column":null}},"11":{"start":{"line":53,"column":20},"end":{"line":53,"column":22}},"12":{"start":{"line":53,"column":30},"end":{"line":53,"column":34}},"13":{"start":{"line":58,"column":2},"end":{"line":67,"column":9}},"14":{"start":{"line":59,"column":20},"end":{"line":61,"column":5}},"15":{"start":{"line":60,"column":6},"end":{"line":60,"column":28}},"16":{"start":{"line":62,"column":4},"end":{"line":62,"column":55}},"17":{"start":{"line":64,"column":4},"end":{"line":66,"column":6}},"18":{"start":{"line":65,"column":6},"end":{"line":65,"column":60}},"19":{"start":{"line":69,"column":19},"end":{"line":73,"column":25}},"20":{"start":{"line":70,"column":19},"end":{"line":70,"column":54}},"21":{"start":{"line":71,"column":14},"end":{"line":71,"column":60}},"22":{"start":{"line":72,"column":4},"end":{"line":72,"column":73}},"23":{"start":{"line":75,"column":2},"end":{"line":82,"column":17}},"24":{"start":{"line":76,"column":4},"end":{"line":76,"column":48}},"25":{"start":{"line":77,"column":4},"end":{"line":77,"column":48}},"26":{"start":{"line":78,"column":4},"end":{"line":81,"column":6}},"27":{"start":{"line":79,"column":6},"end":{"line":79,"column":53}},"28":{"start":{"line":80,"column":6},"end":{"line":80,"column":53}},"29":{"start":{"line":84,"column":2},"end":{"line":84,"column":35}},"30":{"start":{"line":49,"column":0},"end":{"line":49,"column":24}},"31":{"start":{"line":92,"column":15},"end":{"line":95,"column":4}},"32":{"start":{"line":96,"column":22},"end":{"line":96,"column":57}},"33":{"start":{"line":97,"column":23},"end":{"line":97,"column":51}},"34":{"start":{"line":98,"column":29},"end":{"line":98,"column":74}},"35":{"start":{"line":99,"column":24},"end":{"line":99,"column":54}},"36":{"start":{"line":100,"column":25},"end":{"line":100,"column":59}},"37":{"start":{"line":101,"column":27},"end":{"line":101,"column":53}},"38":{"start":{"line":102,"column":19},"end":{"line":102,"column":53}},"39":{"start":{"line":104,"column":2},"end":{"line":113,"column":4}}},"fnMap":{"0":{"name":"reducer","decl":{"start":{"line":21,"column":9},"end":{"line":21,"column":16}},"loc":{"start":{"line":21,"column":51},"end":{"line":32,"column":1}}},"1":{"name":"useScroll","decl":{"start":{"line":49,"column":24},"end":{"line":49,"column":33}},"loc":{"start":{"line":51,"column":16},"end":{"line":85,"column":1}}},"2":{"name":"(anonymous_4)","decl":{"start":{"line":58,"column":12},"end":{"line":58,"column":null}},"loc":{"start":{"line":58,"column":12},"end":{"line":67,"column":3}}},"3":{"name":"(anonymous_5)","decl":{"start":{"line":59,"column":20},"end":{"line":59,"column":null}},"loc":{"start":{"line":59,"column":20},"end":{"line":61,"column":5}}},"4":{"name":"(anonymous_6)","decl":{"start":{"line":64,"column":11},"end":{"line":64,"column":null}},"loc":{"start":{"line":64,"column":11},"end":{"line":66,"column":5}}},"5":{"name":"(anonymous_7)","decl":{"start":{"line":69,"column":31},"end":{"line":69,"column":null}},"loc":{"start":{"line":69,"column":31},"end":{"line":73,"column":3}}},"6":{"name":"(anonymous_8)","decl":{"start":{"line":75,"column":12},"end":{"line":75,"column":null}},"loc":{"start":{"line":75,"column":12},"end":{"line":82,"column":3}}},"7":{"name":"(anonymous_9)","decl":{"start":{"line":78,"column":11},"end":{"line":78,"column":null}},"loc":{"start":{"line":78,"column":11},"end":{"line":81,"column":5}}},"8":{"name":"calculateScrollState","decl":{"start":{"line":87,"column":9},"end":{"line":87,"column":29}},"loc":{"start":{"line":90,"column":24},"end":{"line":114,"column":1}}}},"branchMap":{"0":{"loc":{"start":{"line":23,"column":4},"end":{"line":28,"column":null}},"type":"switch","locations":[{"start":{"line":23,"column":4},"end":{"line":28,"column":null}},{"start":{"line":29,"column":4},"end":{"line":30,"column":18}}]},"1":{"loc":{"start":{"line":51,"column":4},"end":{"line":51,"column":16}},"type":"cond-expr","locations":[{"start":{"line":51,"column":4},"end":{"line":51,"column":16}},{"start":{"line":51,"column":16},"end":{"line":51,"column":null}}]},"2":{"loc":{"start":{"line":70,"column":40},"end":{"line":70,"column":42}},"type":"cond-expr","locations":[{"start":{"line":70,"column":40},"end":{"line":70,"column":42}},{"start":{"line":70,"column":40},"end":{"line":70,"column":54}}]},"3":{"loc":{"start":{"line":70,"column":19},"end":{"line":70,"column":42}},"type":"binary-expr","locations":[{"start":{"line":70,"column":19},"end":{"line":70,"column":42}},{"start":{"line":70,"column":40},"end":{"line":70,"column":42}}]},"4":{"loc":{"start":{"line":71,"column":35},"end":{"line":71,"column":37}},"type":"cond-expr","locations":[{"start":{"line":71,"column":35},"end":{"line":71,"column":37}},{"start":{"line":71,"column":35},"end":{"line":71,"column":60}}]},"5":{"loc":{"start":{"line":71,"column":14},"end":{"line":71,"column":37}},"type":"binary-expr","locations":[{"start":{"line":71,"column":14},"end":{"line":71,"column":37}},{"start":{"line":71,"column":35},"end":{"line":71,"column":37}}]}},"s":{"0":1,"1":1,"2":1,"3":1,"4":0,"5":0,"6":0,"7":1,"8":1,"9":1,"10":1,"11":1,"12":1,"13":1,"14":1,"15":0,"16":1,"17":1,"18":1,"19":1,"20":0,"21":0,"22":0,"23":1,"24":1,"25":1,"26":1,"27":1,"28":1,"29":1,"30":1,"31":0,"32":0,"33":0,"34":0,"35":0,"36":0,"37":0,"38":0,"39":0},"f":{"0":0,"1":1,"2":1,"3":0,"4":1,"5":0,"6":1,"7":1,"8":0},"b":{"0":[0,0],"1":[1,0],"2":[0,0],"3":[0,0],"4":[0,0],"5":[0,0]}}
,"/Users/bluemoon/dev/fh-hooks/src/useSmartReducer/index.ts": {"path":"/Users/bluemoon/dev/fh-hooks/src/useSmartReducer/index.ts","statementMap":{"0":{"start":{"line":1,"column":0},"end":{"line":1,"column":9}},"1":{"start":{"line":1,"column":9},"end":{"line":1,"column":35}}},"fnMap":{"0":{"name":"(anonymous_1)","decl":{"start":{"line":1,"column":9},"end":{"line":1,"column":16}},"loc":{"start":{"line":1,"column":9},"end":{"line":1,"column":35}}}},"branchMap":{},"s":{"0":2,"1":12},"f":{"0":10},"b":{}}
,"/Users/bluemoon/dev/fh-hooks/src/useSmartReducer/useSmartReducer.ts": {"path":"/Users/bluemoon/dev/fh-hooks/src/useSmartReducer/useSmartReducer.ts","statementMap":{"0":{"start":{"line":1,"column":0},"end":{"line":1,"column":53}},"1":{"start":{"line":5,"column":2},"end":{"line":7,"column":null}},"2":{"start":{"line":6,"column":4},"end":{"line":6,"column":39}},"3":{"start":{"line":8,"column":2},"end":{"line":10,"column":4}},"4":{"start":{"line":11,"column":2},"end":{"line":11,"column":16}},"5":{"start":{"line":15,"column":2},"end":{"line":15,"column":79}},"6":{"start":{"line":19,"column":2},"end":{"line":19,"column":74}},"7":{"start":{"line":23,"column":2},"end":{"line":23,"column":56}},"8":{"start":{"line":27,"column":2},"end":{"line":36,"column":4}},"9":{"start":{"line":28,"column":4},"end":{"line":30,"column":null}},"10":{"start":{"line":29,"column":6},"end":{"line":29,"column":40}},"11":{"start":{"line":31,"column":21},"end":{"line":31,"column":49}},"12":{"start":{"line":32,"column":4},"end":{"line":34,"column":null}},"13":{"start":{"line":33,"column":6},"end":{"line":33,"column":40}},"14":{"start":{"line":35,"column":4},"end":{"line":35,"column":20}},"15":{"start":{"line":67,"column":18},"end":{"line":67,"column":44}},"16":{"start":{"line":68,"column":28},"end":{"line":70,"column":null}},"17":{"start":{"line":68,"column":14},"end":{"line":68,"column":16}},"18":{"start":{"line":68,"column":24},"end":{"line":68,"column":28}},"19":{"start":{"line":73,"column":19},"end":{"line":87,"column":null}},"20":{"start":{"line":75,"column":6},"end":{"line":85,"column":8}},"21":{"start":{"line":76,"column":8},"end":{"line":79,"column":null}},"22":{"start":{"line":77,"column":10},"end":{"line":77,"column":36}},"23":{"start":{"line":78,"column":10},"end":{"line":78,"column":17}},"24":{"start":{"line":80,"column":8},"end":{"line":82,"column":10}},"25":{"start":{"line":84,"column":8},"end":{"line":84,"column":15}},"26":{"start":{"line":90,"column":2},"end":{"line":90,"column":27}},"27":{"start":{"line":93,"column":0},"end":{"line":93,"column":31}}},"fnMap":{"0":{"name":"updateObject","decl":{"start":{"line":4,"column":9},"end":{"line":4,"column":21}},"loc":{"start":{"line":4,"column":63},"end":{"line":12,"column":1}}},"1":{"name":"has","decl":{"start":{"line":14,"column":9},"end":{"line":14,"column":12}},"loc":{"start":{"line":14,"column":38},"end":{"line":16,"column":1}}},"2":{"name":"isObject","decl":{"start":{"line":18,"column":9},"end":{"line":18,"column":17}},"loc":{"start":{"line":18,"column":30},"end":{"line":20,"column":1}}},"3":{"name":"baseReducer","decl":{"start":{"line":22,"column":9},"end":{"line":22,"column":20}},"loc":{"start":{"line":22,"column":48},"end":{"line":24,"column":1}}},"4":{"name":"makeReducer","decl":{"start":{"line":26,"column":9},"end":{"line":26,"column":20}},"loc":{"start":{"line":26,"column":58},"end":{"line":37,"column":1}}},"5":{"name":"reducerFn","decl":{"start":{"line":27,"column":18},"end":{"line":27,"column":27}},"loc":{"start":{"line":27,"column":52},"end":{"line":36,"column":3}}},"6":{"name":"useSmartReducer","decl":{"start":{"line":63,"column":9},"end":{"line":63,"column":24}},"loc":{"start":{"line":65,"column":43},"end":{"line":91,"column":1}}},"7":{"name":"callback","decl":{"start":{"line":74,"column":13},"end":{"line":74,"column":21}},"loc":{"start":{"line":74,"column":21},"end":{"line":86,"column":5}}},"8":{"name":"(anonymous_10)","decl":{"start":{"line":75,"column":13},"end":{"line":75,"column":23}},"loc":{"start":{"line":75,"column":52},"end":{"line":85,"column":7}}}},"branchMap":{"0":{"loc":{"start":{"line":5,"column":2},"end":{"line":7,"column":null}},"type":"if","locations":[{"start":{"line":5,"column":2},"end":{"line":7,"column":null}},{"start":{"line":5,"column":2},"end":{"line":7,"column":null}}]},"1":{"loc":{"start":{"line":15,"column":9},"end":{"line":15,"column":25}},"type":"binary-expr","locations":[{"start":{"line":15,"column":9},"end":{"line":15,"column":25}},{"start":{"line":15,"column":29},"end":{"line":15,"column":78}}]},"2":{"loc":{"start":{"line":19,"column":9},"end":{"line":19,"column":35}},"type":"binary-expr","locations":[{"start":{"line":19,"column":9},"end":{"line":19,"column":35}},{"start":{"line":19,"column":39},"end":{"line":19,"column":61}},{"start":{"line":19,"column":65},"end":{"line":19,"column":73}}]},"3":{"loc":{"start":{"line":28,"column":4},"end":{"line":30,"column":null}},"type":"if","locations":[{"start":{"line":28,"column":4},"end":{"line":30,"column":null}},{"start":{"line":28,"column":4},"end":{"line":30,"column":null}}]},"4":{"loc":{"start":{"line":32,"column":4},"end":{"line":34,"column":null}},"type":"if","locations":[{"start":{"line":32,"column":4},"end":{"line":34,"column":null}},{"start":{"line":32,"column":4},"end":{"line":34,"column":null}}]},"5":{"loc":{"start":{"line":76,"column":8},"end":{"line":79,"column":null}},"type":"if","locations":[{"start":{"line":76,"column":8},"end":{"line":79,"column":null}},{"start":{"line":76,"column":8},"end":{"line":79,"column":null}}]},"6":{"loc":{"start":{"line":76,"column":12},"end":{"line":76,"column":25}},"type":"binary-expr","locations":[{"start":{"line":76,"column":12},"end":{"line":76,"column":25}},{"start":{"line":76,"column":29},"end":{"line":76,"column":57}}]}},"s":{"0":3,"1":18,"2":16,"3":2,"4":2,"5":18,"6":18,"7":18,"8":28,"9":21,"10":16,"11":5,"12":5,"13":2,"14":3,"15":28,"16":28,"17":28,"18":28,"19":28,"20":20,"21":14,"22":12,"23":12,"24":2,"25":2,"26":28,"27":3},"f":{"0":18,"1":18,"2":18,"3":18,"4":28,"5":21,"6":28,"7":20,"8":14},"b":{"0":[16,2],"1":[18,17],"2":[18,18,17],"3":[16,5],"4":[2,3],"5":[12,2],"6":[14,11]}}
}
