TN:
SF:src/useSmartReducer/useSmartReducer.ts
FN:4,updateObject
FN:13,isObject
FN:17,has
FN:21,baseReducer
FN:25,makeReducer
FN:26,reducerFn
FN:62,useSmartReducer
FN:70,(anonymous_15)
FN:78,setState
FNF:9
FNH:9
FNDA:5,updateObject
FNDA:16,isObject
FNDA:5,has
FNDA:5,baseReducer
FNDA:10,makeReducer
FNDA:8,reducerFn
FNDA:11,useSmartReducer
FNDA:1,(anonymous_15)
FNDA:6,setState
DA:1,1
DA:5,5
DA:6,4
DA:8,1
DA:11,1
DA:14,16
DA:18,5
DA:22,5
DA:25,10
DA:26,10
DA:27,8
DA:28,3
DA:30,5
DA:31,5
DA:32,2
DA:34,3
DA:64,17
DA:66,11
DA:67,1
DA:68,1
DA:71,1
DA:75,10
DA:76,10
DA:78,8
DA:79,6
DA:80,5
DA:81,5
DA:84,1
DA:88,1
DA:91,10
DA:94,1
LF:31
LH:31
BRDA:5,0,0,4
BRDA:5,0,1,1
BRDA:14,1,0,16
BRDA:14,1,1,16
BRDA:14,1,2,15
BRDA:18,2,0,5
BRDA:18,2,1,5
BRDA:25,3,0,0
BRDA:25,3,1,10
BRDA:27,4,0,3
BRDA:27,4,1,5
BRDA:31,5,0,2
BRDA:31,5,1,3
BRDA:64,6,0,6
BRDA:64,6,1,5
BRDA:66,7,0,1
BRDA:66,7,1,10
BRDA:78,8,0,2
BRDA:78,8,1,4
BRDA:79,9,0,5
BRDA:79,9,1,1
BRDA:79,10,0,6
BRDA:79,10,1,3
BRF:23
BRH:22
end_of_record
