TN:
SF:src/useInlineStyle/InlineStyleTest.tsx
FN:9,(anonymous_7)
FN:19,TestInlineStyle
FNF:2
FNH:2
FNDA:8,(anonymous_7)
FNDA:8,TestInlineStyle
DA:1,1
DA:3,1
DA:9,1
DA:10,8
DA:19,1
DA:20,8
DA:24,8
LF:7
LH:7
BRDA:11,0,0,1
BRDA:11,0,1,7
BRDA:12,1,0,1
BRDA:12,1,1,7
BRDA:13,2,0,1
BRDA:13,2,1,7
BRDA:15,3,0,1
BRDA:15,3,1,7
BRF:8
BRH:8
end_of_record
TN:
SF:src/useInlineStyle/useInlineStyle.ts
FN:12,(anonymous_0)
FN:14,(anonymous_1)
FN:15,(anonymous_2)
FN:16,(anonymous_3)
FN:17,(anonymous_4)
FN:18,(anonymous_5)
FN:19,(anonymous_6)
FN:28,(anonymous_7)
FN:39,useInlineStyle
FN:46,(anonymous_9)
FN:52,(anonymous_10)
FNF:11
FNH:8
FNDA:5,(anonymous_0)
FNDA:1,(anonymous_1)
FNDA:0,(anonymous_2)
FNDA:1,(anonymous_3)
FNDA:0,(anonymous_4)
FNDA:1,(anonymous_5)
FNDA:0,(anonymous_6)
FNDA:4,(anonymous_7)
FNDA:9,useInlineStyle
FNDA:9,(anonymous_9)
FNDA:5,(anonymous_10)
DA:1,1
DA:4,1
DA:6,1
DA:12,1
DA:13,5
DA:14,4
DA:15,4
DA:16,4
DA:17,4
DA:18,4
DA:19,4
DA:21,4
DA:22,4
DA:23,4
DA:24,4
DA:25,4
DA:26,4
DA:28,4
DA:29,4
DA:30,4
DA:31,4
DA:32,4
DA:33,4
DA:34,4
DA:39,1
DA:43,9
DA:44,9
DA:46,9
DA:52,9
DA:54,9
LF:30
LH:30
BRDA:13,0,0,4
BRDA:13,0,1,1
BRF:2
BRH:2
end_of_record
TN:
SF:src/useScroll/useScroll.ts
FN:21,reducer
FN:49,useScroll
FN:58,(anonymous_4)
FN:59,(anonymous_5)
FN:64,(anonymous_6)
FN:69,(anonymous_7)
FN:75,(anonymous_8)
FN:78,(anonymous_9)
FN:87,calculateScrollState
FNF:9
FNH:5
FNDA:0,reducer
FNDA:1,useScroll
FNDA:1,(anonymous_4)
FNDA:0,(anonymous_5)
FNDA:1,(anonymous_6)
FNDA:0,(anonymous_7)
FNDA:1,(anonymous_8)
FNDA:1,(anonymous_9)
FNDA:0,calculateScrollState
DA:1,1
DA:3,1
DA:5,1
DA:19,1
DA:22,0
DA:24,0
DA:30,0
DA:48,1
DA:49,1
DA:50,1
DA:52,1
DA:53,1
DA:58,1
DA:59,1
DA:60,0
DA:62,1
DA:64,1
DA:65,1
DA:69,1
DA:70,0
DA:71,0
DA:72,0
DA:75,1
DA:76,1
DA:77,1
DA:78,1
DA:79,1
DA:80,1
DA:84,1
DA:92,0
DA:96,0
DA:97,0
DA:98,0
DA:99,0
DA:100,0
DA:101,0
DA:102,0
DA:104,0
LF:38
LH:22
BRDA:23,0,0,0
BRDA:23,0,1,0
BRDA:51,1,0,1
BRDA:51,1,1,0
BRDA:70,2,0,0
BRDA:70,2,1,0
BRDA:70,3,0,0
BRDA:70,3,1,0
BRDA:71,4,0,0
BRDA:71,4,1,0
BRDA:71,5,0,0
BRDA:71,5,1,0
BRF:12
BRH:1
end_of_record
TN:
SF:src/useSmartReducer/index.ts
FN:1,(anonymous_1)
FNF:1
FNH:1
FNDA:10,(anonymous_1)
DA:1,12
LF:1
LH:1
BRF:0
BRH:0
end_of_record
TN:
SF:src/useSmartReducer/useSmartReducer.ts
FN:4,updateObject
FN:14,has
FN:18,isObject
FN:22,baseReducer
FN:26,makeReducer
FN:27,reducerFn
FN:63,useSmartReducer
FN:74,callback
FN:75,(anonymous_10)
FNF:9
FNH:9
FNDA:18,updateObject
FNDA:18,has
FNDA:18,isObject
FNDA:18,baseReducer
FNDA:28,makeReducer
FNDA:21,reducerFn
FNDA:28,useSmartReducer
FNDA:20,callback
FNDA:14,(anonymous_10)
DA:1,3
DA:5,18
DA:6,16
DA:8,2
DA:11,2
DA:15,18
DA:19,18
DA:23,18
DA:27,28
DA:28,21
DA:29,16
DA:31,5
DA:32,5
DA:33,2
DA:35,3
DA:67,28
DA:68,28
DA:73,28
DA:75,20
DA:76,14
DA:77,12
DA:78,12
DA:80,2
DA:84,2
DA:90,28
DA:93,3
LF:26
LH:26
BRDA:5,0,0,16
BRDA:5,0,1,2
BRDA:15,1,0,18
BRDA:15,1,1,17
BRDA:19,2,0,18
BRDA:19,2,1,18
BRDA:19,2,2,17
BRDA:28,3,0,16
BRDA:28,3,1,5
BRDA:32,4,0,2
BRDA:32,4,1,3
BRDA:76,5,0,12
BRDA:76,5,1,2
BRDA:76,6,0,14
BRDA:76,6,1,11
BRF:15
BRH:15
end_of_record
